2024-06-14 04:58:38 - 2024-06-14 04:58:38.745834: I tensorflow/core/platform/cpu_feature_guard.cc:193] This TensorFlow binary is optimized with oneAPI Deep Neural Network Library (oneDNN) to use the following CPU instructions in performance-critical operations:  AVX2 FMA
2024-06-14 04:58:38 - To enable them in other operations, rebuild TensorFlow with the appropriate compiler flags.
2024-06-14 04:58:38 - 2024-06-14 04:58:38.902588: E tensorflow/stream_executor/cuda/cuda_blas.cc:2981] Unable to register cuBLAS factory: Attempting to register factory for plugin cuBLAS when one has already been registered
2024-06-14 04:58:39 - 2024-06-14 04:58:39.583869: W tensorflow/stream_executor/platform/default/dso_loader.cc:64] Could not load dynamic library 'libnvinfer.so.7'; dlerror: libnvinfer.so.7: cannot open shared object file: No such file or directory
2024-06-14 04:58:39 - 2024-06-14 04:58:39.583938: W tensorflow/stream_executor/platform/default/dso_loader.cc:64] Could not load dynamic library 'libnvinfer_plugin.so.7'; dlerror: libnvinfer_plugin.so.7: cannot open shared object file: No such file or directory
2024-06-14 04:58:39 - 2024-06-14 04:58:39.583947: W tensorflow/compiler/tf2tensorrt/utils/py_utils.cc:38] TF-TRT Warning: Cannot dlopen some TensorRT libraries. If you would like to use Nvidia GPU with TensorRT, please make sure the missing libraries mentioned above are installed properly.
2024-06-14 04:58:40 - 2024-06-14 04:58:40.514115: I tensorflow/core/platform/cpu_feature_guard.cc:193] This TensorFlow binary is optimized with oneAPI Deep Neural Network Library (oneDNN) to use the following CPU instructions in performance-critical operations:  AVX2 FMA
2024-06-14 04:58:40 - To enable them in other operations, rebuild TensorFlow with the appropriate compiler flags.
2024-06-14 04:58:53 - 2024-06-14 04:58:53.612967: I tensorflow/core/common_runtime/gpu/gpu_device.cc:1616] Created device /job:localhost/replica:0/task:0/device:GPU:0 with 9633 MB memory:  -> device: 0, name: NVIDIA GeForce RTX 2080 Ti, pci bus id: 0000:04:00.0, compute capability: 7.5
2024-06-14 04:58:53 - 2024-06-14 04:58:53.614484: I tensorflow/core/common_runtime/gpu/gpu_device.cc:1616] Created device /job:localhost/replica:0/task:0/device:GPU:1 with 271 MB memory:  -> device: 1, name: NVIDIA GeForce RTX 2080 Ti, pci bus id: 0000:05:00.0, compute capability: 7.5
2024-06-14 04:58:53 - 2024-06-14 04:58:53.616344: I tensorflow/core/common_runtime/gpu/gpu_device.cc:1616] Created device /job:localhost/replica:0/task:0/device:GPU:2 with 9302 MB memory:  -> device: 2, name: NVIDIA GeForce RTX 2080 Ti, pci bus id: 0000:08:00.0, compute capability: 7.5
2024-06-14 04:58:53 - 2024-06-14 04:58:53.618103: I tensorflow/core/common_runtime/gpu/gpu_device.cc:1616] Created device /job:localhost/replica:0/task:0/device:GPU:3 with 9633 MB memory:  -> device: 3, name: NVIDIA GeForce RTX 2080 Ti, pci bus id: 0000:82:00.0, compute capability: 7.5
2024-06-14 04:58:53 - 2024-06-14 04:58:53.619664: I tensorflow/core/common_runtime/gpu/gpu_device.cc:1616] Created device /job:localhost/replica:0/task:0/device:GPU:4 with 4606 MB memory:  -> device: 4, name: NVIDIA GeForce RTX 2080 Ti, pci bus id: 0000:86:00.0, compute capability: 7.5
2024-06-14 04:58:53 - 2024-06-14 04:58:53.621190: I tensorflow/core/common_runtime/gpu/gpu_device.cc:1616] Created device /job:localhost/replica:0/task:0/device:GPU:5 with 4012 MB memory:  -> device: 5, name: NVIDIA GeForce RTX 2080 Ti, pci bus id: 0000:89:00.0, compute capability: 7.5
2024-06-14 04:58:53 - 2024-06-14 04:58:53.622800: I tensorflow/core/common_runtime/gpu/gpu_device.cc:1616] Created device /job:localhost/replica:0/task:0/device:GPU:6 with 3854 MB memory:  -> device: 6, name: NVIDIA GeForce RTX 2080 Ti, pci bus id: 0000:8a:00.0, compute capability: 7.5
2024-06-14 04:58:53 - 2024-06-14 04:58:53.908539: I tensorflow/core/common_runtime/gpu/gpu_device.cc:1616] Created device /job:localhost/replica:0/task:0/device:GPU:0 with 9633 MB memory:  -> device: 0, name: NVIDIA GeForce RTX 2080 Ti, pci bus id: 0000:04:00.0, compute capability: 7.5
2024-06-14 04:58:53 - 2024-06-14 04:58:53.909291: I tensorflow/core/common_runtime/gpu/gpu_device.cc:1616] Created device /job:localhost/replica:0/task:0/device:GPU:1 with 271 MB memory:  -> device: 1, name: NVIDIA GeForce RTX 2080 Ti, pci bus id: 0000:05:00.0, compute capability: 7.5
2024-06-14 04:58:53 - 2024-06-14 04:58:53.910414: I tensorflow/core/common_runtime/gpu/gpu_device.cc:1616] Created device /job:localhost/replica:0/task:0/device:GPU:2 with 9302 MB memory:  -> device: 2, name: NVIDIA GeForce RTX 2080 Ti, pci bus id: 0000:08:00.0, compute capability: 7.5
2024-06-14 04:58:53 - 2024-06-14 04:58:53.911576: I tensorflow/core/common_runtime/gpu/gpu_device.cc:1616] Created device /job:localhost/replica:0/task:0/device:GPU:3 with 9633 MB memory:  -> device: 3, name: NVIDIA GeForce RTX 2080 Ti, pci bus id: 0000:82:00.0, compute capability: 7.5
2024-06-14 04:58:53 - 2024-06-14 04:58:53.912523: I tensorflow/core/common_runtime/gpu/gpu_device.cc:1616] Created device /job:localhost/replica:0/task:0/device:GPU:4 with 4606 MB memory:  -> device: 4, name: NVIDIA GeForce RTX 2080 Ti, pci bus id: 0000:86:00.0, compute capability: 7.5
2024-06-14 04:58:53 - 2024-06-14 04:58:53.913449: I tensorflow/core/common_runtime/gpu/gpu_device.cc:1616] Created device /job:localhost/replica:0/task:0/device:GPU:5 with 4012 MB memory:  -> device: 5, name: NVIDIA GeForce RTX 2080 Ti, pci bus id: 0000:89:00.0, compute capability: 7.5
2024-06-14 04:58:53 - 2024-06-14 04:58:53.914449: I tensorflow/core/common_runtime/gpu/gpu_device.cc:1616] Created device /job:localhost/replica:0/task:0/device:GPU:6 with 3854 MB memory:  -> device: 6, name: NVIDIA GeForce RTX 2080 Ti, pci bus id: 0000:8a:00.0, compute capability: 7.5
2024-06-14 04:58:53 - 2024-06-14 04:58:53.942555: I tensorflow/core/common_runtime/gpu/gpu_device.cc:1616] Created device /device:GPU:0 with 9633 MB memory:  -> device: 0, name: NVIDIA GeForce RTX 2080 Ti, pci bus id: 0000:04:00.0, compute capability: 7.5
2024-06-14 04:58:53 - 2024-06-14 04:58:53.943302: I tensorflow/core/common_runtime/gpu/gpu_device.cc:1616] Created device /device:GPU:1 with 271 MB memory:  -> device: 1, name: NVIDIA GeForce RTX 2080 Ti, pci bus id: 0000:05:00.0, compute capability: 7.5
2024-06-14 04:58:53 - 2024-06-14 04:58:53.944409: I tensorflow/core/common_runtime/gpu/gpu_device.cc:1616] Created device /device:GPU:2 with 9302 MB memory:  -> device: 2, name: NVIDIA GeForce RTX 2080 Ti, pci bus id: 0000:08:00.0, compute capability: 7.5
2024-06-14 04:58:53 - 2024-06-14 04:58:53.945633: I tensorflow/core/common_runtime/gpu/gpu_device.cc:1616] Created device /device:GPU:3 with 9633 MB memory:  -> device: 3, name: NVIDIA GeForce RTX 2080 Ti, pci bus id: 0000:82:00.0, compute capability: 7.5
2024-06-14 04:58:53 - 2024-06-14 04:58:53.946636: I tensorflow/core/common_runtime/gpu/gpu_device.cc:1616] Created device /device:GPU:4 with 4606 MB memory:  -> device: 4, name: NVIDIA GeForce RTX 2080 Ti, pci bus id: 0000:86:00.0, compute capability: 7.5
2024-06-14 04:58:53 - 2024-06-14 04:58:53.947604: I tensorflow/core/common_runtime/gpu/gpu_device.cc:1616] Created device /device:GPU:5 with 4012 MB memory:  -> device: 5, name: NVIDIA GeForce RTX 2080 Ti, pci bus id: 0000:89:00.0, compute capability: 7.5
2024-06-14 04:58:53 - 2024-06-14 04:58:53.948517: I tensorflow/core/common_runtime/gpu/gpu_device.cc:1616] Created device /device:GPU:6 with 3854 MB memory:  -> device: 6, name: NVIDIA GeForce RTX 2080 Ti, pci bus id: 0000:8a:00.0, compute capability: 7.5
2024-06-14 04:58:53 - usage: train.py [-h] --train_dir TRAIN_DIR [--batch_size BATCH_SIZE] [--lr LR]
2024-06-14 04:58:53 -                 [--patience PATIENCE] [--embedding_size EMBEDDING_SIZE]
2024-06-14 04:58:53 -                 [--sequence_length SEQUENCE_LENGTH] [--num_epochs NUM_EPOCHS]
2024-06-14 04:58:53 -                 [--dropout_rate DROPOUT_RATE] [--width WIDTH] [--depth DEPTH]
2024-06-14 04:58:53 - train.py: error: the following arguments are required: --train_dir
2024-06-14 04:58:53 - List GPU devices used
2024-06-14 04:58:53 - [name: "/device:CPU:0"
2024-06-14 04:58:53 - device_type: "CPU"
2024-06-14 04:58:53 - memory_limit: 268435456
2024-06-14 04:58:53 - locality {
2024-06-14 04:58:53 - }
2024-06-14 04:58:53 - incarnation: 7996577019879332188
2024-06-14 04:58:53 - xla_global_id: -1
2024-06-14 04:58:53 - , name: "/device:GPU:0"
2024-06-14 04:58:53 - device_type: "GPU"
2024-06-14 04:58:53 - memory_limit: 10101653504
2024-06-14 04:58:53 - locality {
2024-06-14 04:58:53 -   bus_id: 1
2024-06-14 04:58:53 -   links {
2024-06-14 04:58:53 -   }
2024-06-14 04:58:53 - }
2024-06-14 04:58:54 - incarnation: 14162412867360970716
2024-06-14 04:58:54 - physical_device_desc: "device: 0, name: NVIDIA GeForce RTX 2080 Ti, pci bus id: 0000:04:00.0, compute capability: 7.5"
2024-06-14 04:58:54 - xla_global_id: 416903419
2024-06-14 04:58:54 - , name: "/device:GPU:1"
2024-06-14 04:58:54 - device_type: "GPU"
2024-06-14 04:58:54 - memory_limit: 284884992
2024-06-14 04:58:54 - locality {
2024-06-14 04:58:54 -   bus_id: 1
2024-06-14 04:58:54 -   links {
2024-06-14 04:58:54 -     link {
2024-06-14 04:58:54 -       device_id: 2
2024-06-14 04:58:54 -       type: "StreamExecutor"
2024-06-14 04:58:54 -       strength: 1
2024-06-14 04:58:54 -     }
2024-06-14 04:58:54 -   }
2024-06-14 04:58:54 - }
2024-06-14 04:58:54 - incarnation: 2300103840903628377
2024-06-14 04:58:54 - physical_device_desc: "device: 1, name: NVIDIA GeForce RTX 2080 Ti, pci bus id: 0000:05:00.0, compute capability: 7.5"
2024-06-14 04:58:54 - xla_global_id: 2144165316
2024-06-14 04:58:54 - , name: "/device:GPU:2"
2024-06-14 04:58:54 - device_type: "GPU"
2024-06-14 04:58:54 - memory_limit: 9754574848
2024-06-14 04:58:54 - locality {
2024-06-14 04:58:54 -   bus_id: 1
2024-06-14 04:58:54 -   links {
2024-06-14 04:58:54 -     link {
2024-06-14 04:58:54 -       device_id: 1
2024-06-14 04:58:54 -       type: "StreamExecutor"
2024-06-14 04:58:54 -       strength: 1
2024-06-14 04:58:54 -     }
2024-06-14 04:58:54 -   }
2024-06-14 04:58:54 - }
2024-06-14 04:58:54 - incarnation: 16024869344773793328
2024-06-14 04:58:54 - physical_device_desc: "device: 2, name: NVIDIA GeForce RTX 2080 Ti, pci bus id: 0000:08:00.0, compute capability: 7.5"
2024-06-14 04:58:54 - xla_global_id: 1651660799
2024-06-14 04:58:54 - , name: "/device:GPU:3"
2024-06-14 04:58:54 - device_type: "GPU"
2024-06-14 04:58:54 - memory_limit: 10101653504
2024-06-14 04:58:54 - locality {
2024-06-14 04:58:54 -   bus_id: 2
2024-06-14 04:58:54 -   numa_node: 1
2024-06-14 04:58:54 -   links {
2024-06-14 04:58:54 -     link {
2024-06-14 04:58:54 -       device_id: 4
2024-06-14 04:58:54 -       type: "StreamExecutor"
2024-06-14 04:58:54 -       strength: 1
2024-06-14 04:58:54 -     }
2024-06-14 04:58:54 -   }
2024-06-14 04:58:54 - }
2024-06-14 04:58:54 - incarnation: 11772324345761859308
2024-06-14 04:58:54 - physical_device_desc: "device: 3, name: NVIDIA GeForce RTX 2080 Ti, pci bus id: 0000:82:00.0, compute capability: 7.5"
2024-06-14 04:58:54 - xla_global_id: 878896533
2024-06-14 04:58:54 - , name: "/device:GPU:4"
2024-06-14 04:58:54 - device_type: "GPU"
2024-06-14 04:58:54 - memory_limit: 4830461952
2024-06-14 04:58:54 - locality {
2024-06-14 04:58:54 -   bus_id: 2
2024-06-14 04:58:54 -   numa_node: 1
2024-06-14 04:58:54 -   links {
2024-06-14 04:58:54 -     link {
2024-06-14 04:58:54 -       device_id: 3
2024-06-14 04:58:54 -       type: "StreamExecutor"
2024-06-14 04:58:54 -       strength: 1
2024-06-14 04:58:54 -     }
2024-06-14 04:58:54 -   }
2024-06-14 04:58:54 - }
2024-06-14 04:58:54 - incarnation: 8052985840685775750
2024-06-14 04:58:54 - physical_device_desc: "device: 4, name: NVIDIA GeForce RTX 2080 Ti, pci bus id: 0000:86:00.0, compute capability: 7.5"
2024-06-14 04:58:54 - xla_global_id: 615190153
2024-06-14 04:58:54 - , name: "/device:GPU:5"
2024-06-14 04:58:54 - device_type: "GPU"
2024-06-14 04:58:54 - memory_limit: 4207607808
2024-06-14 04:58:54 - locality {
2024-06-14 04:58:54 -   bus_id: 2
2024-06-14 04:58:54 -   numa_node: 1
2024-06-14 04:58:54 -   links {
2024-06-14 04:58:54 -     link {
2024-06-14 04:58:54 -       device_id: 6
2024-06-14 04:58:54 -       type: "StreamExecutor"
2024-06-14 04:58:54 -       strength: 1
2024-06-14 04:58:54 -     }
2024-06-14 04:58:54 -   }
2024-06-14 04:58:54 - }
2024-06-14 04:58:54 - incarnation: 5358286320172171759
2024-06-14 04:58:54 - physical_device_desc: "device: 5, name: NVIDIA GeForce RTX 2080 Ti, pci bus id: 0000:89:00.0, compute capability: 7.5"
2024-06-14 04:58:54 - xla_global_id: 1769886423
2024-06-14 04:58:54 - , name: "/device:GPU:6"
2024-06-14 04:58:54 - device_type: "GPU"
2024-06-14 04:58:54 - memory_limit: 4041932800
2024-06-14 04:58:54 - locality {
2024-06-14 04:58:54 -   bus_id: 2
2024-06-14 04:58:54 -   numa_node: 1
2024-06-14 04:58:54 -   links {
2024-06-14 04:58:54 -     link {
2024-06-14 04:58:54 -       device_id: 5
2024-06-14 04:58:54 -       type: "StreamExecutor"
2024-06-14 04:58:54 -       strength: 1
2024-06-14 04:58:54 -     }
2024-06-14 04:58:54 -   }
2024-06-14 04:58:54 - }
2024-06-14 04:58:54 - incarnation: 12979332169264269424
2024-06-14 04:58:54 - physical_device_desc: "device: 6, name: NVIDIA GeForce RTX 2080 Ti, pci bus id: 0000:8a:00.0, compute capability: 7.5"
2024-06-14 04:58:54 - xla_global_id: 893286608
2024-06-14 04:58:54 - ]
