2024-06-14 05:57:35 - 2024-06-14 05:57:35.580146: I tensorflow/core/platform/cpu_feature_guard.cc:193] This TensorFlow binary is optimized with oneAPI Deep Neural Network Library (oneDNN) to use the following CPU instructions in performance-critical operations:  AVX2 FMA
2024-06-14 05:57:35 - To enable them in other operations, rebuild TensorFlow with the appropriate compiler flags.
2024-06-14 05:57:35 - 2024-06-14 05:57:35.736155: E tensorflow/stream_executor/cuda/cuda_blas.cc:2981] Unable to register cuBLAS factory: Attempting to register factory for plugin cuBLAS when one has already been registered
2024-06-14 05:57:36 - 2024-06-14 05:57:36.463261: W tensorflow/stream_executor/platform/default/dso_loader.cc:64] Could not load dynamic library 'libnvinfer.so.7'; dlerror: libnvinfer.so.7: cannot open shared object file: No such file or directory
2024-06-14 05:57:36 - 2024-06-14 05:57:36.463345: W tensorflow/stream_executor/platform/default/dso_loader.cc:64] Could not load dynamic library 'libnvinfer_plugin.so.7'; dlerror: libnvinfer_plugin.so.7: cannot open shared object file: No such file or directory
2024-06-14 05:57:36 - 2024-06-14 05:57:36.463355: W tensorflow/compiler/tf2tensorrt/utils/py_utils.cc:38] TF-TRT Warning: Cannot dlopen some TensorRT libraries. If you would like to use Nvidia GPU with TensorRT, please make sure the missing libraries mentioned above are installed properly.
2024-06-14 05:57:37 - 2024-06-14 05:57:37.399560: I tensorflow/core/platform/cpu_feature_guard.cc:193] This TensorFlow binary is optimized with oneAPI Deep Neural Network Library (oneDNN) to use the following CPU instructions in performance-critical operations:  AVX2 FMA
2024-06-14 05:57:37 - To enable them in other operations, rebuild TensorFlow with the appropriate compiler flags.
2024-06-14 05:57:50 - 2024-06-14 05:57:50.588184: I tensorflow/core/common_runtime/gpu/gpu_device.cc:1616] Created device /job:localhost/replica:0/task:0/device:GPU:0 with 9633 MB memory:  -> device: 0, name: NVIDIA GeForce RTX 2080 Ti, pci bus id: 0000:04:00.0, compute capability: 7.5
2024-06-14 05:57:50 - 2024-06-14 05:57:50.591470: I tensorflow/core/common_runtime/gpu/gpu_device.cc:1616] Created device /job:localhost/replica:0/task:0/device:GPU:1 with 9633 MB memory:  -> device: 1, name: NVIDIA GeForce RTX 2080 Ti, pci bus id: 0000:05:00.0, compute capability: 7.5
2024-06-14 05:57:50 - 2024-06-14 05:57:50.594840: I tensorflow/core/common_runtime/gpu/gpu_device.cc:1616] Created device /job:localhost/replica:0/task:0/device:GPU:2 with 9633 MB memory:  -> device: 2, name: NVIDIA GeForce RTX 2080 Ti, pci bus id: 0000:08:00.0, compute capability: 7.5
2024-06-14 05:57:50 - 2024-06-14 05:57:50.598167: I tensorflow/core/common_runtime/gpu/gpu_device.cc:1616] Created device /job:localhost/replica:0/task:0/device:GPU:3 with 9633 MB memory:  -> device: 3, name: NVIDIA GeForce RTX 2080 Ti, pci bus id: 0000:82:00.0, compute capability: 7.5
2024-06-14 05:57:50 - 2024-06-14 05:57:50.600953: I tensorflow/core/common_runtime/gpu/gpu_device.cc:1616] Created device /job:localhost/replica:0/task:0/device:GPU:4 with 4606 MB memory:  -> device: 4, name: NVIDIA GeForce RTX 2080 Ti, pci bus id: 0000:86:00.0, compute capability: 7.5
2024-06-14 05:57:50 - 2024-06-14 05:57:50.603007: I tensorflow/core/common_runtime/gpu/gpu_device.cc:1616] Created device /job:localhost/replica:0/task:0/device:GPU:5 with 4012 MB memory:  -> device: 5, name: NVIDIA GeForce RTX 2080 Ti, pci bus id: 0000:89:00.0, compute capability: 7.5
2024-06-14 05:57:50 - 2024-06-14 05:57:50.604686: I tensorflow/core/common_runtime/gpu/gpu_device.cc:1616] Created device /job:localhost/replica:0/task:0/device:GPU:6 with 3854 MB memory:  -> device: 6, name: NVIDIA GeForce RTX 2080 Ti, pci bus id: 0000:8a:00.0, compute capability: 7.5
2024-06-14 05:57:50 - 2024-06-14 05:57:50.923876: I tensorflow/core/common_runtime/gpu/gpu_device.cc:1616] Created device /job:localhost/replica:0/task:0/device:GPU:0 with 9633 MB memory:  -> device: 0, name: NVIDIA GeForce RTX 2080 Ti, pci bus id: 0000:04:00.0, compute capability: 7.5
2024-06-14 05:57:50 - 2024-06-14 05:57:50.925012: I tensorflow/core/common_runtime/gpu/gpu_device.cc:1616] Created device /job:localhost/replica:0/task:0/device:GPU:1 with 9633 MB memory:  -> device: 1, name: NVIDIA GeForce RTX 2080 Ti, pci bus id: 0000:05:00.0, compute capability: 7.5
2024-06-14 05:57:50 - 2024-06-14 05:57:50.926088: I tensorflow/core/common_runtime/gpu/gpu_device.cc:1616] Created device /job:localhost/replica:0/task:0/device:GPU:2 with 9633 MB memory:  -> device: 2, name: NVIDIA GeForce RTX 2080 Ti, pci bus id: 0000:08:00.0, compute capability: 7.5
2024-06-14 05:57:50 - 2024-06-14 05:57:50.927270: I tensorflow/core/common_runtime/gpu/gpu_device.cc:1616] Created device /job:localhost/replica:0/task:0/device:GPU:3 with 9633 MB memory:  -> device: 3, name: NVIDIA GeForce RTX 2080 Ti, pci bus id: 0000:82:00.0, compute capability: 7.5
2024-06-14 05:57:50 - 2024-06-14 05:57:50.928218: I tensorflow/core/common_runtime/gpu/gpu_device.cc:1616] Created device /job:localhost/replica:0/task:0/device:GPU:4 with 4606 MB memory:  -> device: 4, name: NVIDIA GeForce RTX 2080 Ti, pci bus id: 0000:86:00.0, compute capability: 7.5
2024-06-14 05:57:50 - 2024-06-14 05:57:50.929138: I tensorflow/core/common_runtime/gpu/gpu_device.cc:1616] Created device /job:localhost/replica:0/task:0/device:GPU:5 with 4012 MB memory:  -> device: 5, name: NVIDIA GeForce RTX 2080 Ti, pci bus id: 0000:89:00.0, compute capability: 7.5
2024-06-14 05:57:50 - 2024-06-14 05:57:50.930095: I tensorflow/core/common_runtime/gpu/gpu_device.cc:1616] Created device /job:localhost/replica:0/task:0/device:GPU:6 with 3854 MB memory:  -> device: 6, name: NVIDIA GeForce RTX 2080 Ti, pci bus id: 0000:8a:00.0, compute capability: 7.5
2024-06-14 05:57:50 - 2024-06-14 05:57:50.960023: I tensorflow/core/common_runtime/gpu/gpu_device.cc:1616] Created device /device:GPU:0 with 9633 MB memory:  -> device: 0, name: NVIDIA GeForce RTX 2080 Ti, pci bus id: 0000:04:00.0, compute capability: 7.5
2024-06-14 05:57:50 - 2024-06-14 05:57:50.961154: I tensorflow/core/common_runtime/gpu/gpu_device.cc:1616] Created device /device:GPU:1 with 9633 MB memory:  -> device: 1, name: NVIDIA GeForce RTX 2080 Ti, pci bus id: 0000:05:00.0, compute capability: 7.5
2024-06-14 05:57:50 - 2024-06-14 05:57:50.962246: I tensorflow/core/common_runtime/gpu/gpu_device.cc:1616] Created device /device:GPU:2 with 9633 MB memory:  -> device: 2, name: NVIDIA GeForce RTX 2080 Ti, pci bus id: 0000:08:00.0, compute capability: 7.5
2024-06-14 05:57:50 - 2024-06-14 05:57:50.963444: I tensorflow/core/common_runtime/gpu/gpu_device.cc:1616] Created device /device:GPU:3 with 9633 MB memory:  -> device: 3, name: NVIDIA GeForce RTX 2080 Ti, pci bus id: 0000:82:00.0, compute capability: 7.5
2024-06-14 05:57:50 - 2024-06-14 05:57:50.964329: I tensorflow/core/common_runtime/gpu/gpu_device.cc:1616] Created device /device:GPU:4 with 4606 MB memory:  -> device: 4, name: NVIDIA GeForce RTX 2080 Ti, pci bus id: 0000:86:00.0, compute capability: 7.5
2024-06-14 05:57:50 - 2024-06-14 05:57:50.965312: I tensorflow/core/common_runtime/gpu/gpu_device.cc:1616] Created device /device:GPU:5 with 4012 MB memory:  -> device: 5, name: NVIDIA GeForce RTX 2080 Ti, pci bus id: 0000:89:00.0, compute capability: 7.5
2024-06-14 05:57:50 - 2024-06-14 05:57:50.966225: I tensorflow/core/common_runtime/gpu/gpu_device.cc:1616] Created device /device:GPU:6 with 3854 MB memory:  -> device: 6, name: NVIDIA GeForce RTX 2080 Ti, pci bus id: 0000:8a:00.0, compute capability: 7.5
2024-06-14 05:58:41 - 2024-06-14 05:58:41.383935: I tensorflow/core/common_runtime/gpu/gpu_device.cc:1616] Created device /job:localhost/replica:0/task:0/device:GPU:0 with 9633 MB memory:  -> device: 0, name: NVIDIA GeForce RTX 2080 Ti, pci bus id: 0000:04:00.0, compute capability: 7.5
2024-06-14 05:58:41 - 2024-06-14 05:58:41.385148: I tensorflow/core/common_runtime/gpu/gpu_device.cc:1616] Created device /job:localhost/replica:0/task:0/device:GPU:1 with 9633 MB memory:  -> device: 1, name: NVIDIA GeForce RTX 2080 Ti, pci bus id: 0000:05:00.0, compute capability: 7.5
2024-06-14 05:58:41 - 2024-06-14 05:58:41.386359: I tensorflow/core/common_runtime/gpu/gpu_device.cc:1616] Created device /job:localhost/replica:0/task:0/device:GPU:2 with 9633 MB memory:  -> device: 2, name: NVIDIA GeForce RTX 2080 Ti, pci bus id: 0000:08:00.0, compute capability: 7.5
2024-06-14 05:58:41 - 2024-06-14 05:58:41.387654: I tensorflow/core/common_runtime/gpu/gpu_device.cc:1616] Created device /job:localhost/replica:0/task:0/device:GPU:3 with 9633 MB memory:  -> device: 3, name: NVIDIA GeForce RTX 2080 Ti, pci bus id: 0000:82:00.0, compute capability: 7.5
2024-06-14 05:58:41 - 2024-06-14 05:58:41.388661: I tensorflow/core/common_runtime/gpu/gpu_device.cc:1616] Created device /job:localhost/replica:0/task:0/device:GPU:4 with 4606 MB memory:  -> device: 4, name: NVIDIA GeForce RTX 2080 Ti, pci bus id: 0000:86:00.0, compute capability: 7.5
2024-06-14 05:58:41 - 2024-06-14 05:58:41.389720: I tensorflow/core/common_runtime/gpu/gpu_device.cc:1616] Created device /job:localhost/replica:0/task:0/device:GPU:5 with 4012 MB memory:  -> device: 5, name: NVIDIA GeForce RTX 2080 Ti, pci bus id: 0000:89:00.0, compute capability: 7.5
2024-06-14 05:58:41 - 2024-06-14 05:58:41.390740: I tensorflow/core/common_runtime/gpu/gpu_device.cc:1616] Created device /job:localhost/replica:0/task:0/device:GPU:6 with 3854 MB memory:  -> device: 6, name: NVIDIA GeForce RTX 2080 Ti, pci bus id: 0000:8a:00.0, compute capability: 7.5
