2024-03-22 13:59:16,058 - root - INFO - Namespace(data='ml-100k', bs=600, prefix='ml100k', n_degree=30, n_head=2, n_epoch=50, n_layer=2, lr=0.001, drop_out=0.3, reg=0.3, gpu=0, node_dim=32, time_dim=32, agg_method='attn', attn_mode='prod', time='time', uniform=True, new_node=False, samplerate=1.0, popnegsample=False, timepopnegsample=False, negsampleeval=1000, disencomponents=None)
2024-03-22 13:59:16,571 - model - INFO - Aggregation uses attention model
2024-03-22 13:59:16,576 - model - INFO - Using scaled prod attention
2024-03-22 13:59:16,579 - model - INFO - Using scaled prod attention
2024-03-22 13:59:16,579 - model - INFO - Using time encoding
2024-03-22 13:59:19,421 - root - INFO - num of training instances: 80003
2024-03-22 13:59:19,421 - root - INFO - num of batches per epoch: 134
2024-03-22 13:59:19,425 - root - INFO - start 0 epoch
2024-03-22 14:08:44,573 - root - INFO - start 1 epoch
2024-03-22 14:18:11,473 - root - INFO - start 2 epoch
2024-03-22 14:27:22,845 - root - INFO - start 3 epoch
2024-03-22 14:36:52,366 - root - INFO - start 4 epoch
2024-03-22 14:47:06,201 - root - INFO - start 5 epoch
2024-03-22 14:56:05,702 - root - INFO - start 6 epoch
2024-03-22 15:06:02,448 - root - INFO - start 7 epoch
2024-03-22 15:16:35,838 - root - INFO - start 8 epoch
2024-03-22 15:27:50,605 - root - INFO - start 9 epoch
2024-03-22 15:37:25,267 - root - INFO - start 10 epoch
2024-03-22 15:46:42,275 - root - INFO - start 11 epoch
2024-03-22 15:55:50,567 - root - INFO - start 12 epoch
2024-03-22 16:05:02,803 - root - INFO - start 13 epoch
2024-03-22 16:20:31,204 - root - INFO - start 14 epoch
2024-03-22 16:28:31,009 - root - INFO - start 15 epoch
2024-03-22 16:37:38,421 - root - INFO - start 16 epoch
2024-03-22 16:46:48,466 - root - INFO - start 17 epoch
2024-03-22 16:57:04,028 - root - INFO - start 18 epoch
2024-03-22 17:06:20,326 - root - INFO - start 19 epoch
