2024-03-24 14:46:08,649 - root - INFO - Namespace(data='ml-100k', bs=600, prefix='ml100k_bce', n_degree=30, n_head=2, n_epoch=35, n_layer=2, lr=0.001, drop_out=0.3, reg=0.3, gpu=0, node_dim=32, time_dim=32, agg_method='attn', attn_mode='prod', time='time', uniform=True, new_node=False, samplerate=1.0, popnegsample=False, timepopnegsample=False, negsampleeval=1000, disencomponents=None)
2024-03-24 14:46:09,371 - model - INFO - Aggregation uses attention model
2024-03-24 14:46:09,373 - model - INFO - Using scaled prod attention
2024-03-24 14:46:09,374 - model - INFO - Using scaled prod attention
2024-03-24 14:46:09,374 - model - INFO - Using time encoding
2024-03-24 14:46:28,102 - root - INFO - num of training instances: 80003
2024-03-24 14:46:28,102 - root - INFO - num of batches per epoch: 134
2024-03-24 14:46:28,105 - root - INFO - start 0 epoch
2024-03-24 14:50:42,993 - root - INFO - start 1 epoch
2024-03-24 14:54:44,339 - root - INFO - start 2 epoch
2024-03-24 14:58:43,643 - root - INFO - start 3 epoch
2024-03-24 15:02:37,122 - root - INFO - start 4 epoch
2024-03-24 15:06:27,496 - root - INFO - start 5 epoch
2024-03-24 15:10:18,423 - root - INFO - start 6 epoch
2024-03-24 15:14:12,753 - root - INFO - start 7 epoch
2024-03-24 15:18:02,894 - root - INFO - start 8 epoch
2024-03-24 15:21:59,827 - root - INFO - start 9 epoch
2024-03-24 15:25:50,004 - root - INFO - start 10 epoch
2024-03-24 15:29:42,462 - root - INFO - start 11 epoch
2024-03-24 15:33:40,903 - root - INFO - start 12 epoch
2024-03-24 15:37:34,023 - root - INFO - start 13 epoch
2024-03-24 15:41:26,794 - root - INFO - start 14 epoch
2024-03-24 15:45:23,847 - root - INFO - start 15 epoch
2024-03-24 15:49:28,708 - root - INFO - start 16 epoch
2024-03-24 15:53:28,789 - root - INFO - start 17 epoch
2024-03-24 15:57:26,920 - root - INFO - start 18 epoch
2024-03-24 16:01:22,655 - root - INFO - start 19 epoch
2024-03-24 16:05:27,689 - root - INFO - start 20 epoch
2024-03-24 16:09:27,551 - root - INFO - start 21 epoch
2024-03-24 16:13:30,709 - root - INFO - start 22 epoch
2024-03-24 16:17:26,153 - root - INFO - start 23 epoch
2024-03-24 16:21:22,815 - root - INFO - start 24 epoch
2024-03-24 16:25:21,549 - root - INFO - start 25 epoch
2024-03-24 16:29:18,637 - root - INFO - start 26 epoch
2024-03-24 16:33:14,639 - root - INFO - start 27 epoch
2024-03-24 16:37:08,567 - root - INFO - start 28 epoch
2024-03-24 16:41:02,508 - root - INFO - start 29 epoch
2024-03-24 16:44:55,644 - root - INFO - start 30 epoch
2024-03-24 16:48:49,468 - root - INFO - start 31 epoch
2024-03-24 16:52:41,750 - root - INFO - start 32 epoch
2024-03-24 16:56:44,834 - root - INFO - start 33 epoch
2024-03-24 17:00:40,586 - root - INFO - start 34 epoch
