2024-03-23 21:24:13,364 - root - INFO - Namespace(data='ml-100k', bs=600, prefix='ml100k_bce', n_degree=30, n_head=2, n_epoch=30, n_layer=2, lr=0.001, drop_out=0.3, reg=0.3, gpu=0, node_dim=32, time_dim=32, agg_method='attn', attn_mode='prod', time='time', uniform=True, new_node=False, samplerate=1.0, popnegsample=False, timepopnegsample=False, negsampleeval=1000, disencomponents=None)
2024-03-23 21:24:13,364 - root - INFO - Namespace(data='ml-100k', bs=600, prefix='ml100k_bce', n_degree=30, n_head=2, n_epoch=30, n_layer=2, lr=0.001, drop_out=0.3, reg=0.3, gpu=0, node_dim=32, time_dim=32, agg_method='attn', attn_mode='prod', time='time', uniform=True, new_node=False, samplerate=1.0, popnegsample=False, timepopnegsample=False, negsampleeval=1000, disencomponents=None)
2024-03-23 21:24:13,364 - root - INFO - Namespace(data='ml-100k', bs=600, prefix='ml100k_bce', n_degree=30, n_head=2, n_epoch=30, n_layer=2, lr=0.001, drop_out=0.3, reg=0.3, gpu=0, node_dim=32, time_dim=32, agg_method='attn', attn_mode='prod', time='time', uniform=True, new_node=False, samplerate=1.0, popnegsample=False, timepopnegsample=False, negsampleeval=1000, disencomponents=None)
2024-03-23 21:24:15,025 - model - INFO - Aggregation uses attention model
2024-03-23 21:24:15,094 - model - INFO - Aggregation uses attention model
2024-03-23 21:24:15,139 - model - INFO - Aggregation uses attention model
2024-03-23 21:24:15,230 - model - INFO - Using scaled prod attention
2024-03-23 21:24:15,320 - model - INFO - Using scaled prod attention
2024-03-23 21:24:15,352 - model - INFO - Using scaled prod attention
2024-03-23 21:24:15,382 - model - INFO - Using scaled prod attention
2024-03-23 21:24:15,510 - model - INFO - Using scaled prod attention
2024-03-23 21:24:15,556 - model - INFO - Using scaled prod attention
2024-03-23 21:24:15,557 - model - INFO - Using time encoding
2024-03-23 21:24:15,630 - model - INFO - Using time encoding
2024-03-23 21:24:15,672 - model - INFO - Using time encoding
2024-03-23 21:24:17,956 - root - INFO - num of training instances: 80003
2024-03-23 21:24:17,988 - root - INFO - num of batches per epoch: 134
2024-03-23 21:24:18,128 - root - INFO - num of training instances: 80003
2024-03-23 21:24:18,152 - root - INFO - start 0 epoch
 instances: 80003
2024-03-23 21:24:18,171 - root - INFO - num of batches per epoch: 134
2024-03-23 21:24:18,212 - root - INFO - num of batches per epoch: 134
2024-03-23 21:24:18,293 - root - INFO - start 0 epoch
2024-03-23 21:24:18,253 - root - INFO - start 0 epoch
