2024-03-29 01:26:06,256 - root - INFO - Namespace(data='ml-100k', bs=600, prefix='ml100k_bce', n_degree=50, n_head=2, n_epoch=50, n_layer=2, lr=0.002, drop_out=0.3, reg=0.3, gpu=0, node_dim=16, time_dim=32, agg_method='lstm', attn_mode='prod', time='time', uniform=True, new_node=False, samplerate=1.0, popnegsample=False, timepopnegsample=False, negsampleeval=1000, disencomponents=None)
2024-03-29 01:26:07,878 - model - INFO - Aggregation uses LSTM model
2024-03-29 01:26:07,880 - model - INFO - Using time encoding
2024-03-29 01:26:20,451 - root - INFO - num of training instances: 80003
2024-03-29 01:26:20,451 - root - INFO - num of batches per epoch: 134
2024-03-29 01:26:20,454 - root - INFO - start 0 epoch
2024-03-29 01:40:01,958 - root - INFO - start 1 epoch
2024-03-29 01:53:37,749 - root - INFO - start 2 epoch
2024-03-29 02:07:06,892 - root - INFO - start 3 epoch
2024-03-29 02:20:32,162 - root - INFO - start 4 epoch
2024-03-29 02:33:41,860 - root - INFO - start 5 epoch
2024-03-29 02:46:43,084 - root - INFO - start 6 epoch
2024-03-29 02:59:51,660 - root - INFO - start 7 epoch
2024-03-29 03:12:58,341 - root - INFO - start 8 epoch
2024-03-29 03:26:07,455 - root - INFO - start 9 epoch
2024-03-29 03:39:04,448 - root - INFO - start 10 epoch
2024-03-29 03:52:09,279 - root - INFO - start 11 epoch
2024-03-29 04:05:14,741 - root - INFO - start 12 epoch
2024-03-29 04:18:35,643 - root - INFO - start 13 epoch
2024-03-29 04:31:59,649 - root - INFO - start 14 epoch
2024-03-29 04:44:41,802 - root - INFO - start 15 epoch
2024-03-29 04:52:35,744 - root - INFO - start 16 epoch
2024-03-29 04:59:52,985 - root - INFO - start 17 epoch
2024-03-29 05:07:36,039 - root - INFO - start 18 epoch
2024-03-29 05:15:02,507 - root - INFO - start 19 epoch
2024-03-29 05:22:24,429 - root - INFO - start 20 epoch
2024-03-29 05:29:44,478 - root - INFO - start 21 epoch
2024-03-29 05:37:03,967 - root - INFO - start 22 epoch
2024-03-29 05:43:31,261 - root - INFO - start 23 epoch
2024-03-29 05:49:46,971 - root - INFO - start 24 epoch
2024-03-29 05:56:02,302 - root - INFO - start 25 epoch
2024-03-29 06:02:16,423 - root - INFO - start 26 epoch
2024-03-29 06:08:30,106 - root - INFO - start 27 epoch
2024-03-29 06:14:50,027 - root - INFO - start 28 epoch
2024-03-29 06:21:12,893 - root - INFO - start 29 epoch
2024-03-29 06:27:35,162 - root - INFO - start 30 epoch
2024-03-29 06:33:57,506 - root - INFO - start 31 epoch
2024-03-29 06:40:19,027 - root - INFO - start 32 epoch
2024-03-29 06:46:41,583 - root - INFO - start 33 epoch
2024-03-29 06:57:46,008 - root - INFO - start 34 epoch
2024-03-29 07:10:58,706 - root - INFO - start 35 epoch
2024-03-29 07:24:19,927 - root - INFO - start 36 epoch
2024-03-29 07:37:34,669 - root - INFO - start 37 epoch
2024-03-29 07:44:33,936 - root - INFO - start 38 epoch
2024-03-29 07:50:57,883 - root - INFO - start 39 epoch
2024-03-29 07:57:40,243 - root - INFO - start 40 epoch
2024-03-29 08:04:58,127 - root - INFO - start 41 epoch
2024-03-29 08:12:19,141 - root - INFO - start 42 epoch
2024-03-29 08:19:39,496 - root - INFO - start 43 epoch
2024-03-29 08:26:58,175 - root - INFO - start 44 epoch
2024-03-29 08:34:15,920 - root - INFO - start 45 epoch
2024-03-29 08:40:38,980 - root - INFO - start 46 epoch
2024-03-29 08:46:57,650 - root - INFO - start 47 epoch
2024-03-29 08:53:21,630 - root - INFO - start 48 epoch
2024-03-29 08:59:44,464 - root - INFO - start 49 epoch
