2024-03-22 18:02:56,652 - root - INFO - Namespace(data='ml-100k', bs=600, prefix='Video_Games_bce', n_degree=30, n_head=2, n_epoch=50, n_layer=2, lr=0.001, drop_out=0.3, reg=0.3, gpu=0, node_dim=32, time_dim=32, agg_method='attn', attn_mode='prod', time='time', uniform=True, new_node=False, samplerate=1.0, popnegsample=False, timepopnegsample=False, negsampleeval=1000, disencomponents=None)
2024-03-22 18:02:57,216 - model - INFO - Aggregation uses attention model
2024-03-22 18:02:57,216 - model - INFO - Using scaled prod attention
2024-03-22 18:02:57,216 - model - INFO - Using scaled prod attention
2024-03-22 18:02:57,216 - model - INFO - Using time encoding
2024-03-22 18:02:59,705 - root - INFO - num of training instances: 80003
2024-03-22 18:02:59,705 - root - INFO - num of batches per epoch: 134
2024-03-22 18:02:59,712 - root - INFO - start 0 epoch
2024-03-22 18:07:25,021 - root - INFO - start 1 epoch
2024-03-22 18:15:15,353 - root - INFO - start 2 epoch
2024-03-22 18:23:36,455 - root - INFO - start 3 epoch
2024-03-22 18:33:17,510 - root - INFO - start 4 epoch
2024-03-22 18:43:10,093 - root - INFO - start 5 epoch
2024-03-22 18:51:36,123 - root - INFO - start 6 epoch
2024-03-22 19:00:35,733 - root - INFO - start 7 epoch
2024-03-22 19:09:47,045 - root - INFO - start 8 epoch
2024-03-22 19:18:56,538 - root - INFO - start 9 epoch
2024-03-22 19:28:08,909 - root - INFO - start 10 epoch
2024-03-22 19:37:22,979 - root - INFO - start 11 epoch
2024-03-22 19:46:11,218 - root - INFO - start 12 epoch
2024-03-22 19:54:16,701 - root - INFO - start 13 epoch
2024-03-22 20:04:29,992 - root - INFO - start 14 epoch
2024-03-22 20:12:44,260 - root - INFO - start 15 epoch
2024-03-22 20:21:47,977 - root - INFO - start 16 epoch
2024-03-22 20:30:17,561 - root - INFO - start 17 epoch
2024-03-22 20:39:22,097 - root - INFO - start 18 epoch
2024-03-22 20:48:24,496 - root - INFO - start 19 epoch
2024-03-22 20:57:32,523 - root - INFO - start 20 epoch
2024-03-22 21:06:25,619 - root - INFO - start 21 epoch
2024-03-22 21:14:57,552 - root - INFO - start 22 epoch
2024-03-22 21:24:21,547 - root - INFO - start 23 epoch
2024-03-22 21:33:42,900 - root - INFO - start 24 epoch
2024-03-22 21:42:49,697 - root - INFO - start 25 epoch
2024-03-22 21:52:25,981 - root - INFO - start 26 epoch
2024-03-22 22:02:03,383 - root - INFO - start 27 epoch
2024-03-22 22:11:43,752 - root - INFO - start 28 epoch
2024-03-22 22:21:26,516 - root - INFO - start 29 epoch
2024-03-22 22:31:30,653 - root - INFO - start 30 epoch
2024-03-22 22:40:17,560 - root - INFO - start 31 epoch
2024-03-22 22:49:27,093 - root - INFO - start 32 epoch
2024-03-22 22:58:28,178 - root - INFO - start 33 epoch
2024-03-22 23:07:53,237 - root - INFO - start 34 epoch
2024-03-23 00:32:41,853 - root - INFO - start 35 epoch
2024-03-23 00:41:55,806 - root - INFO - start 36 epoch
2024-03-23 00:50:15,280 - root - INFO - start 37 epoch
2024-03-23 00:57:26,532 - root - INFO - start 38 epoch
2024-03-23 01:06:25,866 - root - INFO - start 39 epoch
2024-03-23 01:16:25,016 - root - INFO - start 40 epoch
2024-03-23 01:26:32,860 - root - INFO - start 41 epoch
2024-03-23 01:36:16,153 - root - INFO - start 42 epoch
2024-03-23 01:45:04,893 - root - INFO - start 43 epoch
2024-03-23 01:55:06,814 - root - INFO - start 44 epoch
2024-03-23 02:05:00,849 - root - INFO - start 45 epoch
2024-03-23 02:14:40,612 - root - INFO - start 46 epoch
2024-03-23 09:32:23,298 - root - INFO - start 47 epoch
2024-03-23 09:34:32,160 - root - INFO - start 48 epoch
2024-03-23 09:36:39,714 - root - INFO - start 49 epoch
