2024-03-23 09:44:44,146 - root - INFO - Namespace(data='ml-100k', bs=600, prefix='Video_Games_bce', n_degree=30, n_head=2, n_epoch=50, n_layer=2, lr=0.001, drop_out=0.3, reg=0.3, gpu=0, node_dim=32, time_dim=32, agg_method='attn', attn_mode='prod', time='time', uniform=True, new_node=False, samplerate=1.0, popnegsample=False, timepopnegsample=False, negsampleeval=1000, disencomponents=None)
2024-03-23 09:44:44,146 - root - INFO - Namespace(data='ml-100k', bs=600, prefix='Video_Games_bce', n_degree=30, n_head=2, n_epoch=50, n_layer=2, lr=0.001, drop_out=0.3, reg=0.3, gpu=0, node_dim=32, time_dim=32, agg_method='attn', attn_mode='prod', time='time', uniform=True, new_node=False, samplerate=1.0, popnegsample=False, timepopnegsample=False, negsampleeval=1000, disencomponents=None)
2024-03-23 09:44:44,146 - root - INFO - Namespace(data='ml-100k', bs=600, prefix='Video_Games_bce', n_degree=30, n_head=2, n_epoch=50, n_layer=2, lr=0.001, drop_out=0.3, reg=0.3, gpu=0, node_dim=32, time_dim=32, agg_method='attn', attn_mode='prod', time='time', uniform=True, new_node=False, samplerate=1.0, popnegsample=False, timepopnegsample=False, negsampleeval=1000, disencomponents=None)
2024-03-23 09:44:44,146 - root - INFO - Namespace(data='ml-100k', bs=600, prefix='Video_Games_bce', n_degree=30, n_head=2, n_epoch=50, n_layer=2, lr=0.001, drop_out=0.3, reg=0.3, gpu=0, node_dim=32, time_dim=32, agg_method='attn', attn_mode='prod', time='time', uniform=True, new_node=False, samplerate=1.0, popnegsample=False, timepopnegsample=False, negsampleeval=1000, disencomponents=None)
2024-03-23 09:44:44,146 - root - INFO - Namespace(data='ml-100k', bs=600, prefix='Video_Games_bce', n_degree=30, n_head=2, n_epoch=50, n_layer=2, lr=0.001, drop_out=0.3, reg=0.3, gpu=0, node_dim=32, time_dim=32, agg_method='attn', attn_mode='prod', time='time', uniform=True, new_node=False, samplerate=1.0, popnegsample=False, timepopnegsample=False, negsampleeval=1000, disencomponents=None)
2024-03-23 09:44:44,146 - root - INFO - Namespace(data='ml-100k', bs=600, prefix='Video_Games_bce', n_degree=30, n_head=2, n_epoch=50, n_layer=2, lr=0.001, drop_out=0.3, reg=0.3, gpu=0, node_dim=32, time_dim=32, agg_method='attn', attn_mode='prod', time='time', uniform=True, new_node=False, samplerate=1.0, popnegsample=False, timepopnegsample=False, negsampleeval=1000, disencomponents=None)
2024-03-23 09:44:45,518 - model - INFO - Aggregation uses attention model
2024-03-23 09:44:45,643 - model - INFO - Aggregation uses attention model
2024-03-23 09:44:45,674 - model - INFO - Using scaled prod attention
2024-03-23 09:44:45,789 - model - INFO - Aggregation uses attention model
2024-03-23 09:44:45,790 - model - INFO - Aggregation uses attention model
2024-03-23 09:44:45,811 - model - INFO - Using scaled prod attention
2024-03-23 09:44:45,838 - model - INFO - Using scaled prod attention
2024-03-23 09:44:45,838 - model - INFO - Aggregation uses attention model
2024-03-23 09:44:45,856 - model - INFO - Aggregation uses attention model
2024-03-23 09:44:45,880 - model - INFO - Using scaled prod attention
2024-03-23 09:44:45,892 - model - INFO - Using scaled prod attention
2024-03-23 09:44:45,918 - model - INFO - Using scaled prod attention
2024-03-23 09:44:45,935 - model - INFO - Using time encoding
2024-03-23 09:44:45,936 - model - INFO - Using scaled prod attention
2024-03-23 09:44:45,938 - model - INFO - Using scaled prod attention
2024-03-23 09:44:45,983 - model - INFO - Using scaled prod attention
2024-03-23 09:44:46,001 - model - INFO - Using scaled prod attention
2024-03-23 09:44:46,016 - model - INFO - Using time encoding
2024-03-23 09:44:46,025 - model - INFO - Using scaled prod attention
2024-03-23 09:44:46,039 - model - INFO - Using scaled prod attention
2024-03-23 09:44:46,061 - model - INFO - Using time encoding
2024-03-23 09:44:46,061 - model - INFO - Using time encoding
2024-03-23 09:44:46,100 - model - INFO - Using time encoding
2024-03-23 09:44:46,118 - model - INFO - Using time encoding
2024-03-23 09:44:48,435 - root - INFO - num of training instances: 80003
2024-03-23 09:44:48,442 - root - INFO - num of batches per epoch: 134
2024-03-23 09:44:48,448 - root - INFO - start 0 epoch
2024-03-23 09:44:50,655 - root - INFO - num of training instances: 80003
2024-03-23 09:44:50,656 - root - INFO - num of batches per epoch: 134
2024-03-23 09:44:50,692 - root - INFO - start 0 epoch
2024-03-23 09:44:50,867 - root - INFO - num of training instances: 80003
2024-03-23 09:44:50,902 - root - INFO - num of batches per epoch: 134
2024-03-23 09:44:50,925 - root - INFO - start 0 epoch
2024-03-23 09:44:51,043 - root - INFO - num of training instances: 80003
2024-03-23 09:44:51,047 - root - INFO - num of batches per epoch: 134
2024-03-23 09:44:51,054 - root - INFO - start 0 epoch
2024-03-23 09:45:12,570 - root - INFO - num of training instances: 80003
2024-03-23 09:45:12,628 - root - INFO - num of batches per epoch: 134
2024-03-23 09:45:12,714 - root - INFO - start 0 epoch
2024-03-23 09:45:12,653 - root - INFO - num of training instances: 80003
2024-03-23 09:45:12,815 - root - INFO - num of batches per epoch: 134
2024-03-23 09:45:12,890 - root - INFO - start 0 epoch
