2024-03-23 13:50:12,136 - root - INFO - Namespace(data='ml-100k', bs=600, prefix='ml100k_bce', n_degree=30, n_head=2, n_epoch=30, n_layer=2, lr=0.001, drop_out=0.3, reg=0.3, gpu=0, node_dim=32, time_dim=32, agg_method='attn', attn_mode='prod', time='time', uniform=True, new_node=False, samplerate=1.0, popnegsample=False, timepopnegsample=False, negsampleeval=1000, disencomponents=None)
2024-03-23 13:50:12,632 - model - INFO - Aggregation uses attention model
2024-03-23 13:50:12,634 - model - INFO - Using scaled prod attention
2024-03-23 13:50:12,635 - model - INFO - Using scaled prod attention
2024-03-23 13:50:12,635 - model - INFO - Using time encoding
2024-03-23 13:50:15,536 - root - INFO - num of training instances: 80003
2024-03-23 13:50:15,536 - root - INFO - num of batches per epoch: 134
2024-03-23 13:50:15,538 - root - INFO - start 0 epoch
2024-03-23 14:01:34,780 - root - INFO - start 1 epoch
2024-03-23 14:32:07,786 - root - INFO - start 2 epoch
2024-03-23 15:52:21,336 - root - INFO - start 3 epoch
2024-03-23 17:24:20,970 - root - INFO - start 4 epoch
2024-03-23 17:32:14,992 - root - INFO - start 5 epoch
2024-03-23 17:42:27,697 - root - INFO - start 6 epoch
2024-03-23 17:52:01,330 - root - INFO - start 7 epoch
2024-03-23 18:00:54,302 - root - INFO - start 8 epoch
2024-03-23 18:09:40,258 - root - INFO - start 9 epoch
2024-03-23 18:18:06,284 - root - INFO - start 10 epoch
2024-03-23 18:26:39,133 - root - INFO - start 11 epoch
2024-03-23 18:35:12,390 - root - INFO - start 12 epoch
2024-03-23 18:43:19,471 - root - INFO - start 13 epoch
2024-03-23 18:51:11,036 - root - INFO - start 14 epoch
2024-03-23 19:00:41,476 - root - INFO - start 15 epoch
2024-03-23 19:09:47,672 - root - INFO - start 16 epoch
2024-03-23 19:20:40,508 - root - INFO - start 17 epoch
2024-03-23 19:31:35,167 - root - INFO - start 18 epoch
2024-03-23 19:41:05,112 - root - INFO - start 19 epoch
2024-03-23 19:50:53,927 - root - INFO - start 20 epoch
2024-03-23 20:00:16,667 - root - INFO - start 21 epoch
2024-03-23 20:08:47,220 - root - INFO - start 22 epoch
2024-03-23 20:19:47,287 - root - INFO - start 23 epoch
2024-03-23 20:29:38,527 - root - INFO - start 24 epoch
2024-03-23 20:38:20,708 - root - INFO - start 25 epoch
2024-03-23 20:46:11,504 - root - INFO - start 26 epoch
2024-03-23 20:55:32,704 - root - INFO - start 27 epoch
2024-03-23 21:05:24,801 - root - INFO - start 28 epoch
2024-03-23 21:15:04,894 - root - INFO - start 29 epoch
