2024-03-24 03:27:27,877 - root - INFO - Namespace(data='ml-100k', bs=600, prefix='ml100k_bce', n_degree=30, n_head=2, n_epoch=100, n_layer=2, lr=0.001, drop_out=0.3, reg=0.3, gpu=0, node_dim=32, time_dim=32, agg_method='attn', attn_mode='prod', time='time', uniform=True, new_node=False, samplerate=1.0, popnegsample=False, timepopnegsample=False, negsampleeval=1000, disencomponents=None)
2024-03-24 03:27:28,616 - model - INFO - Aggregation uses attention model
2024-03-24 03:27:28,618 - model - INFO - Using scaled prod attention
2024-03-24 03:27:28,619 - model - INFO - Using scaled prod attention
2024-03-24 03:27:28,619 - model - INFO - Using time encoding
2024-03-24 03:27:47,486 - root - INFO - num of training instances: 80003
2024-03-24 03:27:47,486 - root - INFO - num of batches per epoch: 134
2024-03-24 03:27:47,489 - root - INFO - start 0 epoch
2024-03-24 03:31:28,357 - root - INFO - start 1 epoch
2024-03-24 03:35:15,562 - root - INFO - start 2 epoch
2024-03-24 03:38:55,678 - root - INFO - start 3 epoch
2024-03-24 03:42:39,243 - root - INFO - start 4 epoch
2024-03-24 03:46:20,935 - root - INFO - start 5 epoch
2024-03-24 03:50:05,212 - root - INFO - start 6 epoch
2024-03-24 03:53:48,205 - root - INFO - start 7 epoch
2024-03-24 03:57:28,181 - root - INFO - start 8 epoch
2024-03-24 04:01:09,732 - root - INFO - start 9 epoch
2024-03-24 04:04:52,873 - root - INFO - start 10 epoch
2024-03-24 04:08:34,772 - root - INFO - start 11 epoch
2024-03-24 04:12:17,606 - root - INFO - start 12 epoch
2024-03-24 04:15:59,935 - root - INFO - start 13 epoch
2024-03-24 04:19:41,649 - root - INFO - start 14 epoch
2024-03-24 04:23:23,152 - root - INFO - start 15 epoch
2024-03-24 04:27:04,974 - root - INFO - start 16 epoch
2024-03-24 04:30:47,250 - root - INFO - start 17 epoch
2024-03-24 04:34:28,708 - root - INFO - start 18 epoch
2024-03-24 04:38:16,584 - root - INFO - start 19 epoch
2024-03-24 04:42:17,838 - root - INFO - start 20 epoch
2024-03-24 04:46:30,684 - root - INFO - start 21 epoch
2024-03-24 04:50:19,283 - root - INFO - start 22 epoch
2024-03-24 04:54:00,292 - root - INFO - start 23 epoch
2024-03-24 04:57:40,057 - root - INFO - start 24 epoch
2024-03-24 05:01:21,409 - root - INFO - start 25 epoch
2024-03-24 05:05:02,587 - root - INFO - start 26 epoch
2024-03-24 05:08:41,923 - root - INFO - start 27 epoch
2024-03-24 05:12:20,065 - root - INFO - start 28 epoch
2024-03-24 05:16:00,724 - root - INFO - start 29 epoch
2024-03-24 05:19:42,970 - root - INFO - start 30 epoch
2024-03-24 05:23:27,186 - root - INFO - start 31 epoch
2024-03-24 05:27:09,616 - root - INFO - start 32 epoch
2024-03-24 05:30:52,278 - root - INFO - start 33 epoch
2024-03-24 05:34:32,396 - root - INFO - start 34 epoch
2024-03-24 05:38:11,140 - root - INFO - start 35 epoch
2024-03-24 05:41:52,999 - root - INFO - start 36 epoch
2024-03-24 05:45:44,122 - root - INFO - start 37 epoch
2024-03-24 05:49:23,984 - root - INFO - start 38 epoch
2024-03-24 05:53:05,155 - root - INFO - start 39 epoch
2024-03-24 05:56:44,144 - root - INFO - start 40 epoch
2024-03-24 06:00:25,759 - root - INFO - start 41 epoch
2024-03-24 06:04:06,327 - root - INFO - start 42 epoch
2024-03-24 06:08:03,153 - root - INFO - start 43 epoch
2024-03-24 06:11:44,075 - root - INFO - start 44 epoch
2024-03-24 06:15:25,204 - root - INFO - start 45 epoch
2024-03-24 06:19:08,157 - root - INFO - start 46 epoch
2024-03-24 06:22:50,007 - root - INFO - start 47 epoch
2024-03-24 06:26:29,812 - root - INFO - start 48 epoch
2024-03-24 06:30:10,795 - root - INFO - start 49 epoch
2024-03-24 06:33:50,176 - root - INFO - start 50 epoch
2024-03-24 06:37:48,908 - root - INFO - start 51 epoch
2024-03-24 06:41:30,960 - root - INFO - start 52 epoch
2024-03-24 06:45:13,355 - root - INFO - start 53 epoch
2024-03-24 06:48:53,168 - root - INFO - start 54 epoch
2024-03-24 06:52:32,247 - root - INFO - start 55 epoch
2024-03-24 06:56:14,073 - root - INFO - start 56 epoch
2024-03-24 06:59:56,303 - root - INFO - start 57 epoch
2024-03-24 07:03:35,412 - root - INFO - start 58 epoch
2024-03-24 07:07:14,884 - root - INFO - start 59 epoch
2024-03-24 07:10:55,352 - root - INFO - start 60 epoch
2024-03-24 07:14:37,404 - root - INFO - start 61 epoch
2024-03-24 07:18:17,841 - root - INFO - start 62 epoch
2024-03-24 07:21:58,525 - root - INFO - start 63 epoch
2024-03-24 07:25:40,563 - root - INFO - start 64 epoch
2024-03-24 07:29:21,895 - root - INFO - start 65 epoch
2024-03-24 07:33:05,783 - root - INFO - start 66 epoch
2024-03-24 07:36:53,275 - root - INFO - start 67 epoch
2024-03-24 07:40:34,871 - root - INFO - start 68 epoch
2024-03-24 07:44:17,038 - root - INFO - start 69 epoch
2024-03-24 07:47:58,011 - root - INFO - start 70 epoch
2024-03-24 07:51:40,004 - root - INFO - start 71 epoch
2024-03-24 07:55:31,409 - root - INFO - start 72 epoch
2024-03-24 07:59:25,680 - root - INFO - start 73 epoch
2024-03-24 08:03:10,073 - root - INFO - start 74 epoch
2024-03-24 08:06:56,334 - root - INFO - start 75 epoch
2024-03-24 08:10:39,775 - root - INFO - start 76 epoch
2024-03-24 08:14:21,966 - root - INFO - start 77 epoch
2024-03-24 08:18:04,067 - root - INFO - start 78 epoch
2024-03-24 08:22:00,673 - root - INFO - start 79 epoch
2024-03-24 08:25:48,796 - root - INFO - start 80 epoch
2024-03-24 08:29:32,261 - root - INFO - start 81 epoch
2024-03-24 08:33:13,739 - root - INFO - start 82 epoch
2024-03-24 08:36:56,138 - root - INFO - start 83 epoch
2024-03-24 08:40:38,863 - root - INFO - start 84 epoch
2024-03-24 08:44:21,804 - root - INFO - start 85 epoch
2024-03-24 08:48:05,076 - root - INFO - start 86 epoch
2024-03-24 08:51:48,152 - root - INFO - start 87 epoch
2024-03-24 08:55:40,886 - root - INFO - start 88 epoch
2024-03-24 08:59:25,051 - root - INFO - start 89 epoch
2024-03-24 09:03:08,777 - root - INFO - start 90 epoch
2024-03-24 09:06:55,043 - root - INFO - start 91 epoch
2024-03-24 09:10:38,930 - root - INFO - start 92 epoch
2024-03-24 09:14:22,633 - root - INFO - start 93 epoch
2024-03-24 09:18:04,434 - root - INFO - start 94 epoch
2024-03-24 09:21:55,096 - root - INFO - start 95 epoch
2024-03-24 09:25:42,175 - root - INFO - start 96 epoch
2024-03-24 09:29:27,137 - root - INFO - start 97 epoch
2024-03-24 09:33:10,136 - root - INFO - start 98 epoch
2024-03-24 09:36:53,788 - root - INFO - start 99 epoch
