2024-03-25 01:39:25,099 - root - INFO - Namespace(data='ml-100k', bs=600, prefix='ml100k_bce', n_degree=30, n_head=2, n_epoch=100, n_layer=2, lr=0.001, drop_out=0.3, reg=0.3, gpu=0, node_dim=32, time_dim=32, agg_method='attn', attn_mode='prod', time='time', uniform=True, new_node=False, samplerate=1.0, popnegsample=False, timepopnegsample=False, negsampleeval=1000, disencomponents=None)
2024-03-25 01:39:25,839 - model - INFO - Aggregation uses attention model
2024-03-25 01:39:25,841 - model - INFO - Using scaled prod attention
2024-03-25 01:39:25,842 - model - INFO - Using scaled prod attention
2024-03-25 01:39:25,842 - model - INFO - Using time encoding
2024-03-25 01:39:44,438 - root - INFO - num of training instances: 80003
2024-03-25 01:39:44,439 - root - INFO - num of batches per epoch: 134
2024-03-25 01:39:44,441 - root - INFO - start 0 epoch
2024-03-25 01:43:35,790 - root - INFO - start 1 epoch
2024-03-25 01:47:31,125 - root - INFO - start 2 epoch
2024-03-25 01:51:26,650 - root - INFO - start 3 epoch
2024-03-25 01:55:22,902 - root - INFO - start 4 epoch
2024-03-25 01:59:21,046 - root - INFO - start 5 epoch
2024-03-25 02:03:14,041 - root - INFO - start 6 epoch
2024-03-25 02:07:09,414 - root - INFO - start 7 epoch
2024-03-25 02:11:03,921 - root - INFO - start 8 epoch
2024-03-25 02:14:58,896 - root - INFO - start 9 epoch
2024-03-25 02:18:52,827 - root - INFO - start 10 epoch
2024-03-25 02:22:47,953 - root - INFO - start 11 epoch
2024-03-25 02:26:42,220 - root - INFO - start 12 epoch
2024-03-25 02:30:38,618 - root - INFO - start 13 epoch
2024-03-25 02:34:33,101 - root - INFO - start 14 epoch
2024-03-25 02:38:29,130 - root - INFO - start 15 epoch
2024-03-25 02:42:24,792 - root - INFO - start 16 epoch
2024-03-25 02:46:19,562 - root - INFO - start 17 epoch
2024-03-25 02:50:14,343 - root - INFO - start 18 epoch
2024-03-25 02:54:07,281 - root - INFO - start 19 epoch
2024-03-25 02:58:01,042 - root - INFO - start 20 epoch
2024-03-25 03:01:57,351 - root - INFO - start 21 epoch
2024-03-25 03:05:52,062 - root - INFO - start 22 epoch
2024-03-25 03:09:46,664 - root - INFO - start 23 epoch
2024-03-25 03:13:40,289 - root - INFO - start 24 epoch
2024-03-25 03:17:33,428 - root - INFO - start 25 epoch
2024-03-25 03:21:26,280 - root - INFO - start 26 epoch
2024-03-25 03:25:20,901 - root - INFO - start 27 epoch
2024-03-25 03:29:14,064 - root - INFO - start 28 epoch
2024-03-25 03:33:08,104 - root - INFO - start 29 epoch
2024-03-25 03:37:03,496 - root - INFO - start 30 epoch
2024-03-25 03:40:58,638 - root - INFO - start 31 epoch
2024-03-25 03:44:52,035 - root - INFO - start 32 epoch
2024-03-25 03:48:43,251 - root - INFO - start 33 epoch
2024-03-25 03:52:37,663 - root - INFO - start 34 epoch
2024-03-25 03:56:30,055 - root - INFO - start 35 epoch
2024-03-25 04:00:24,205 - root - INFO - start 36 epoch
2024-03-25 04:04:18,340 - root - INFO - start 37 epoch
2024-03-25 04:08:12,456 - root - INFO - start 38 epoch
2024-03-25 04:12:05,762 - root - INFO - start 39 epoch
2024-03-25 04:16:00,125 - root - INFO - start 40 epoch
2024-03-25 04:19:55,376 - root - INFO - start 41 epoch
2024-03-25 04:23:48,859 - root - INFO - start 42 epoch
2024-03-25 04:27:40,594 - root - INFO - start 43 epoch
2024-03-25 04:31:35,315 - root - INFO - start 44 epoch
2024-03-25 04:35:26,527 - root - INFO - start 45 epoch
2024-03-25 04:39:20,445 - root - INFO - start 46 epoch
2024-03-25 04:43:15,563 - root - INFO - start 47 epoch
2024-03-25 04:47:09,848 - root - INFO - start 48 epoch
2024-03-25 04:51:05,133 - root - INFO - start 49 epoch
2024-03-25 04:54:58,984 - root - INFO - start 50 epoch
2024-03-25 04:58:52,489 - root - INFO - start 51 epoch
2024-03-25 05:02:44,619 - root - INFO - start 52 epoch
2024-03-25 05:06:39,016 - root - INFO - start 53 epoch
2024-03-25 05:10:33,380 - root - INFO - start 54 epoch
2024-03-25 05:14:24,791 - root - INFO - start 55 epoch
2024-03-25 05:18:17,652 - root - INFO - start 56 epoch
2024-03-25 05:22:12,894 - root - INFO - start 57 epoch
2024-03-25 05:26:07,432 - root - INFO - start 58 epoch
2024-03-25 05:29:59,774 - root - INFO - start 59 epoch
2024-03-25 05:33:53,624 - root - INFO - start 60 epoch
2024-03-25 05:37:46,851 - root - INFO - start 61 epoch
2024-03-25 05:41:42,173 - root - INFO - start 62 epoch
2024-03-25 05:45:35,191 - root - INFO - start 63 epoch
2024-03-25 05:49:30,384 - root - INFO - start 64 epoch
2024-03-25 05:53:24,292 - root - INFO - start 65 epoch
2024-03-25 05:57:21,978 - root - INFO - start 66 epoch
2024-03-25 06:01:16,664 - root - INFO - start 67 epoch
2024-03-25 06:05:11,765 - root - INFO - start 68 epoch
2024-03-25 06:09:05,338 - root - INFO - start 69 epoch
2024-03-25 06:13:00,875 - root - INFO - start 70 epoch
2024-03-25 06:16:55,542 - root - INFO - start 71 epoch
2024-03-25 06:20:50,680 - root - INFO - start 72 epoch
2024-03-25 06:24:43,687 - root - INFO - start 73 epoch
2024-03-25 06:28:39,686 - root - INFO - start 74 epoch
2024-03-25 06:32:29,810 - root - INFO - start 75 epoch
2024-03-25 06:37:04,395 - root - INFO - start 76 epoch
2024-03-25 06:41:10,690 - root - INFO - start 77 epoch
2024-03-25 06:45:14,942 - root - INFO - start 78 epoch
2024-03-25 06:49:18,559 - root - INFO - start 79 epoch
2024-03-25 06:53:24,891 - root - INFO - start 80 epoch
2024-03-25 06:57:31,030 - root - INFO - start 81 epoch
2024-03-25 07:01:35,641 - root - INFO - start 82 epoch
2024-03-25 07:05:42,749 - root - INFO - start 83 epoch
2024-03-25 07:09:52,616 - root - INFO - start 84 epoch
2024-03-25 07:13:53,774 - root - INFO - start 85 epoch
2024-03-25 07:17:55,273 - root - INFO - start 86 epoch
2024-03-25 07:22:12,485 - root - INFO - start 87 epoch
2024-03-25 07:26:19,174 - root - INFO - start 88 epoch
2024-03-25 07:30:30,198 - root - INFO - start 89 epoch
2024-03-25 07:34:31,332 - root - INFO - start 90 epoch
2024-03-25 07:38:30,847 - root - INFO - start 91 epoch
2024-03-25 07:42:54,891 - root - INFO - start 92 epoch
2024-03-25 07:46:51,089 - root - INFO - start 93 epoch
2024-03-25 07:50:59,952 - root - INFO - start 94 epoch
2024-03-25 07:55:11,895 - root - INFO - start 95 epoch
2024-03-25 07:59:11,983 - root - INFO - start 96 epoch
2024-03-25 08:03:22,369 - root - INFO - start 97 epoch
2024-03-25 08:07:24,676 - root - INFO - start 98 epoch
2024-03-25 08:11:38,238 - root - INFO - start 99 epoch
