2024-03-28 01:26:58,540 - root - INFO - Namespace(data='ml-100k', bs=600, prefix='ml100k_bce', n_degree=50, n_head=2, n_epoch=50, n_layer=2, lr=0.002, drop_out=0.3, reg=0.3, gpu=1, node_dim=16, time_dim=32, agg_method='lstm', attn_mode='prod', time='time', uniform=True, new_node=False, samplerate=1.0, popnegsample=False, timepopnegsample=False, negsampleeval=1000, disencomponents=None)
2024-03-28 01:26:59,246 - model - INFO - Aggregation uses LSTM model
2024-03-28 01:26:59,247 - model - INFO - Using time encoding
2024-03-28 01:27:09,419 - root - INFO - num of training instances: 80003
2024-03-28 01:27:09,419 - root - INFO - num of batches per epoch: 134
2024-03-28 01:27:09,422 - root - INFO - start 0 epoch
2024-03-28 01:33:38,720 - root - INFO - start 1 epoch
2024-03-28 01:40:07,852 - root - INFO - start 2 epoch
2024-03-28 01:46:36,444 - root - INFO - start 3 epoch
2024-03-28 01:53:06,096 - root - INFO - start 4 epoch
2024-03-28 01:59:34,739 - root - INFO - start 5 epoch
2024-03-28 02:06:52,987 - root - INFO - start 6 epoch
2024-03-28 02:13:21,408 - root - INFO - start 7 epoch
2024-03-28 02:20:36,847 - root - INFO - start 8 epoch
2024-03-28 02:27:03,321 - root - INFO - start 9 epoch
2024-03-28 02:34:18,228 - root - INFO - start 10 epoch
2024-03-28 02:40:45,836 - root - INFO - start 11 epoch
2024-03-28 02:47:12,201 - root - INFO - start 12 epoch
2024-03-28 02:54:30,089 - root - INFO - start 13 epoch
2024-03-28 03:01:07,442 - root - INFO - start 14 epoch
2024-03-28 03:07:38,582 - root - INFO - start 15 epoch
2024-03-28 03:14:09,771 - root - INFO - start 16 epoch
2024-03-28 03:20:58,496 - root - INFO - start 17 epoch
2024-03-28 03:27:25,359 - root - INFO - start 18 epoch
2024-03-28 03:33:53,509 - root - INFO - start 19 epoch
2024-03-28 03:40:42,152 - root - INFO - start 20 epoch
2024-03-28 03:47:11,111 - root - INFO - start 21 epoch
2024-03-28 03:53:38,666 - root - INFO - start 22 epoch
2024-03-28 04:00:27,915 - root - INFO - start 23 epoch
2024-03-28 04:06:51,936 - root - INFO - start 24 epoch
2024-03-28 04:13:29,353 - root - INFO - start 25 epoch
2024-03-28 04:20:19,870 - root - INFO - start 26 epoch
2024-03-28 04:26:53,020 - root - INFO - start 27 epoch
2024-03-28 04:33:45,790 - root - INFO - start 28 epoch
2024-03-28 04:40:42,825 - root - INFO - start 29 epoch
2024-03-28 04:47:13,067 - root - INFO - start 30 epoch
2024-03-28 04:53:51,800 - root - INFO - start 31 epoch
2024-03-28 05:00:24,229 - root - INFO - start 32 epoch
2024-03-28 05:06:56,037 - root - INFO - start 33 epoch
2024-03-28 05:13:56,091 - root - INFO - start 34 epoch
2024-03-28 05:20:29,515 - root - INFO - start 35 epoch
2024-03-28 05:27:17,494 - root - INFO - start 36 epoch
2024-03-28 05:33:45,500 - root - INFO - start 37 epoch
2024-03-28 05:40:16,055 - root - INFO - start 38 epoch
2024-03-28 05:46:43,875 - root - INFO - start 39 epoch
2024-03-28 05:53:14,938 - root - INFO - start 40 epoch
2024-03-28 06:00:27,102 - root - INFO - start 41 epoch
2024-03-28 06:06:59,494 - root - INFO - start 42 epoch
