2024-03-21 18:12:43,515 - root - INFO - Namespace(data='ml-100k', bs=600, prefix='ml100k_bce', n_degree=30, n_head=2, n_epoch=200, n_layer=2, lr=0.001, drop_out=0.3, reg=0.3, gpu=0, node_dim=32, time_dim=32, agg_method='attn', attn_mode='prod', time='time', uniform=True, new_node=False, samplerate=1.0, popnegsample=False, timepopnegsample=False, negsampleeval=1000, disencomponents=None)
2024-03-21 18:12:44,053 - model - INFO - Aggregation uses attention model
2024-03-21 18:12:44,053 - model - INFO - Using scaled prod attention
2024-03-21 18:12:44,053 - model - INFO - Using scaled prod attention
2024-03-21 18:12:44,053 - model - INFO - Using time encoding
2024-03-21 18:12:45,382 - root - INFO - num of training instances: 80003
2024-03-21 18:12:45,382 - root - INFO - num of batches per epoch: 134
2024-03-21 18:12:45,383 - root - INFO - start 0 epoch
2024-03-21 18:17:22,964 - root - INFO - start 1 epoch
2024-03-21 18:19:32,274 - root - INFO - start 2 epoch
2024-03-21 18:22:06,883 - root - INFO - start 3 epoch
2024-03-21 18:25:48,465 - root - INFO - start 4 epoch
2024-03-21 18:34:50,681 - root - INFO - start 5 epoch
2024-03-21 18:38:20,586 - root - INFO - start 6 epoch
2024-03-21 18:40:28,892 - root - INFO - start 7 epoch
2024-03-21 18:42:36,496 - root - INFO - start 8 epoch
2024-03-21 18:44:43,052 - root - INFO - start 9 epoch
2024-03-21 18:46:50,081 - root - INFO - start 10 epoch
2024-03-21 18:48:57,382 - root - INFO - start 11 epoch
2024-03-21 18:51:03,765 - root - INFO - start 12 epoch
2024-03-21 18:55:11,820 - root - INFO - start 13 epoch
2024-03-21 19:03:59,012 - root - INFO - start 14 epoch
2024-03-21 19:12:49,892 - root - INFO - start 15 epoch
2024-03-21 19:22:36,235 - root - INFO - start 16 epoch
2024-03-21 19:33:43,785 - root - INFO - start 17 epoch
2024-03-21 19:42:34,002 - root - INFO - start 18 epoch
2024-03-21 19:52:12,986 - root - INFO - start 19 epoch
2024-03-21 20:01:21,420 - root - INFO - start 20 epoch
2024-03-21 20:10:21,878 - root - INFO - start 21 epoch
2024-03-21 20:19:30,553 - root - INFO - start 22 epoch
2024-03-21 20:28:37,749 - root - INFO - start 23 epoch
2024-03-21 20:37:28,578 - root - INFO - start 24 epoch
2024-03-21 20:42:03,266 - root - INFO - start 25 epoch
2024-03-21 20:52:17,655 - root - INFO - start 26 epoch
2024-03-21 21:01:59,265 - root - INFO - start 27 epoch
2024-03-21 21:11:21,267 - root - INFO - start 28 epoch
2024-03-21 21:19:16,516 - root - INFO - start 29 epoch
2024-03-21 21:25:45,185 - root - INFO - start 30 epoch
2024-03-21 21:34:00,434 - root - INFO - start 31 epoch
2024-03-21 21:42:31,682 - root - INFO - start 32 epoch
2024-03-21 21:51:16,552 - root - INFO - start 33 epoch
2024-03-21 21:59:51,920 - root - INFO - start 34 epoch
2024-03-21 22:04:24,879 - root - INFO - start 35 epoch
2024-03-21 22:13:25,915 - root - INFO - start 36 epoch
2024-03-21 22:18:08,447 - root - INFO - start 37 epoch
2024-03-21 22:22:25,415 - root - INFO - start 38 epoch
2024-03-21 22:31:15,415 - root - INFO - start 39 epoch
2024-03-21 22:37:12,934 - root - INFO - start 40 epoch
2024-03-21 22:41:36,623 - root - INFO - start 41 epoch
2024-03-21 22:50:21,980 - root - INFO - start 42 epoch
2024-03-21 22:56:30,387 - root - INFO - start 43 epoch
2024-03-21 23:02:45,822 - root - INFO - start 44 epoch
2024-03-21 23:11:24,556 - root - INFO - start 45 epoch
2024-03-21 23:20:09,679 - root - INFO - start 46 epoch
2024-03-21 23:28:09,703 - root - INFO - start 47 epoch
2024-03-21 23:56:31,365 - root - INFO - start 48 epoch
2024-03-22 00:04:45,992 - root - INFO - start 49 epoch
2024-03-22 00:11:49,018 - root - INFO - start 50 epoch
2024-03-22 00:17:44,781 - root - INFO - start 51 epoch
2024-03-22 00:26:52,155 - root - INFO - start 52 epoch
2024-03-22 00:36:04,311 - root - INFO - start 53 epoch
2024-03-22 00:44:47,417 - root - INFO - start 54 epoch
2024-03-22 00:53:29,253 - root - INFO - start 55 epoch
2024-03-22 01:03:34,134 - root - INFO - start 56 epoch
2024-03-22 01:13:10,344 - root - INFO - start 57 epoch
2024-03-22 01:23:07,875 - root - INFO - start 58 epoch
