2024-03-26 03:11:35,986 - root - INFO - Namespace(data='ml-100k', bs=200, prefix='ml100k_bce', n_degree=35, n_head=2, n_epoch=50, n_layer=2, lr=0.001, drop_out=0.3, reg=0.2, gpu=1, node_dim=32, time_dim=32, agg_method='lstm', attn_mode='prod', time='time', uniform=True, new_node=False, samplerate=1.0, popnegsample=False, timepopnegsample=False, negsampleeval=1000, disencomponents=None)
2024-03-26 03:11:36,726 - model - INFO - Aggregation uses LSTM model
2024-03-26 03:11:36,728 - model - INFO - Using time encoding
2024-03-26 03:11:56,292 - root - INFO - num of training instances: 80003
2024-03-26 03:11:56,293 - root - INFO - num of batches per epoch: 401
2024-03-26 03:11:56,296 - root - INFO - start 0 epoch
2024-03-26 03:16:28,130 - root - INFO - start 1 epoch
2024-03-26 03:20:56,401 - root - INFO - start 2 epoch
2024-03-26 03:25:24,918 - root - INFO - start 3 epoch
2024-03-26 03:29:52,990 - root - INFO - start 4 epoch
2024-03-26 03:34:20,358 - root - INFO - start 5 epoch
2024-03-26 03:38:54,383 - root - INFO - start 6 epoch
2024-03-26 03:43:22,076 - root - INFO - start 7 epoch
2024-03-26 03:48:08,490 - root - INFO - start 8 epoch
2024-03-26 03:52:37,309 - root - INFO - start 9 epoch
2024-03-26 03:57:11,326 - root - INFO - start 10 epoch
2024-03-26 04:01:47,926 - root - INFO - start 11 epoch
2024-03-26 04:06:17,682 - root - INFO - start 12 epoch
2024-03-26 04:10:45,975 - root - INFO - start 13 epoch
2024-03-26 04:15:17,470 - root - INFO - start 14 epoch
2024-03-26 04:19:48,195 - root - INFO - start 15 epoch
2024-03-26 04:24:17,973 - root - INFO - start 16 epoch
2024-03-26 04:28:43,905 - root - INFO - start 17 epoch
2024-03-26 04:33:11,976 - root - INFO - start 18 epoch
2024-03-26 04:37:41,163 - root - INFO - start 19 epoch
2024-03-26 04:42:09,398 - root - INFO - start 20 epoch
2024-03-26 04:46:35,943 - root - INFO - start 21 epoch
2024-03-26 04:52:05,832 - root - INFO - start 22 epoch
2024-03-26 04:56:29,180 - root - INFO - start 23 epoch
2024-03-26 05:00:57,200 - root - INFO - start 24 epoch
2024-03-26 05:05:20,038 - root - INFO - start 25 epoch
2024-03-26 05:09:44,817 - root - INFO - start 26 epoch
2024-03-26 05:14:09,151 - root - INFO - start 27 epoch
2024-03-26 05:18:33,958 - root - INFO - start 28 epoch
2024-03-26 05:22:58,479 - root - INFO - start 29 epoch
2024-03-26 05:27:22,746 - root - INFO - start 30 epoch
2024-03-26 05:31:47,745 - root - INFO - start 31 epoch
2024-03-26 05:36:14,198 - root - INFO - start 32 epoch
2024-03-26 05:40:40,233 - root - INFO - start 33 epoch
2024-03-26 05:45:06,378 - root - INFO - start 34 epoch
2024-03-26 05:49:51,301 - root - INFO - start 35 epoch
