2024-03-24 09:57:45,616 - root - INFO - Namespace(data='ml-100k', bs=600, prefix='ml100k_bce', n_degree=30, n_head=2, n_epoch=50, n_layer=2, lr=0.001, drop_out=0.3, reg=0.3, gpu=0, node_dim=32, time_dim=32, agg_method='attn', attn_mode='prod', time='time', uniform=True, new_node=False, samplerate=1.0, popnegsample=False, timepopnegsample=False, negsampleeval=1000, disencomponents=None)
2024-03-24 09:57:46,351 - model - INFO - Aggregation uses attention model
2024-03-24 09:57:46,353 - model - INFO - Using scaled prod attention
2024-03-24 09:57:46,354 - model - INFO - Using scaled prod attention
2024-03-24 09:57:46,354 - model - INFO - Using time encoding
2024-03-24 09:58:05,288 - root - INFO - num of training instances: 80003
2024-03-24 09:58:05,288 - root - INFO - num of batches per epoch: 134
2024-03-24 09:58:05,291 - root - INFO - start 0 epoch
2024-03-24 10:02:30,929 - root - INFO - start 1 epoch
2024-03-24 10:06:57,399 - root - INFO - start 2 epoch
2024-03-24 10:11:19,275 - root - INFO - start 3 epoch
2024-03-24 10:15:42,508 - root - INFO - start 4 epoch
2024-03-24 10:20:06,711 - root - INFO - start 5 epoch
2024-03-24 10:24:30,513 - root - INFO - start 6 epoch
2024-03-24 10:28:54,834 - root - INFO - start 7 epoch
2024-03-24 10:33:14,920 - root - INFO - start 8 epoch
2024-03-24 10:37:42,344 - root - INFO - start 9 epoch
2024-03-24 10:42:04,458 - root - INFO - start 10 epoch
2024-03-24 10:46:22,132 - root - INFO - start 11 epoch
2024-03-24 10:50:44,786 - root - INFO - start 12 epoch
2024-03-24 10:55:01,618 - root - INFO - start 13 epoch
2024-03-24 10:59:21,018 - root - INFO - start 14 epoch
2024-03-24 11:03:52,045 - root - INFO - start 15 epoch
2024-03-24 11:08:11,012 - root - INFO - start 16 epoch
2024-03-24 11:12:28,149 - root - INFO - start 17 epoch
2024-03-24 11:16:48,728 - root - INFO - start 18 epoch
2024-03-24 11:21:10,309 - root - INFO - start 19 epoch
2024-03-24 11:25:34,867 - root - INFO - start 20 epoch
2024-03-24 11:30:14,417 - root - INFO - start 21 epoch
2024-03-24 11:34:35,355 - root - INFO - start 22 epoch
2024-03-24 11:38:52,738 - root - INFO - start 23 epoch
2024-03-24 11:43:21,186 - root - INFO - start 24 epoch
2024-03-24 11:47:49,777 - root - INFO - start 25 epoch
2024-03-24 11:52:16,241 - root - INFO - start 26 epoch
2024-03-24 11:56:44,708 - root - INFO - start 27 epoch
2024-03-24 12:01:19,422 - root - INFO - start 28 epoch
2024-03-24 12:05:40,690 - root - INFO - start 29 epoch
2024-03-24 12:10:01,875 - root - INFO - start 30 epoch
2024-03-24 12:14:21,357 - root - INFO - start 31 epoch
2024-03-24 12:18:51,531 - root - INFO - start 32 epoch
2024-03-24 12:23:12,412 - root - INFO - start 33 epoch
2024-03-24 12:27:33,477 - root - INFO - start 34 epoch
2024-03-24 12:32:01,914 - root - INFO - start 35 epoch
2024-03-24 12:36:26,080 - root - INFO - start 36 epoch
2024-03-24 12:40:44,029 - root - INFO - start 37 epoch
2024-03-24 12:45:01,925 - root - INFO - start 38 epoch
2024-03-24 12:49:26,492 - root - INFO - start 39 epoch
2024-03-24 12:53:46,534 - root - INFO - start 40 epoch
2024-03-24 12:58:07,974 - root - INFO - start 41 epoch
2024-03-24 13:02:27,539 - root - INFO - start 42 epoch
2024-03-24 13:06:46,268 - root - INFO - start 43 epoch
2024-03-24 13:11:09,280 - root - INFO - start 44 epoch
2024-03-24 13:15:35,379 - root - INFO - start 45 epoch
2024-03-24 13:19:52,627 - root - INFO - start 46 epoch
2024-03-24 13:24:12,542 - root - INFO - start 47 epoch
2024-03-24 13:28:38,173 - root - INFO - start 48 epoch
2024-03-24 13:33:00,691 - root - INFO - start 49 epoch
