2024-03-27 02:23:01,950 - root - INFO - Namespace(data='ml-100k', bs=600, prefix='ml100k_bce', n_degree=30, n_head=2, n_epoch=50, n_layer=2, lr=0.0015, drop_out=0.2, reg=0.2, gpu=1, node_dim=12, time_dim=32, agg_method='lstm', attn_mode='map', time='time', uniform=True, new_node=False, samplerate=1.0, popnegsample=False, timepopnegsample=False, negsampleeval=1000, disencomponents=None)
2024-03-27 02:23:02,670 - model - INFO - Aggregation uses LSTM model
2024-03-27 02:23:02,671 - model - INFO - Using time encoding
2024-03-27 02:23:21,996 - root - INFO - num of training instances: 80003
2024-03-27 02:23:21,996 - root - INFO - num of batches per epoch: 134
2024-03-27 02:23:21,999 - root - INFO - start 0 epoch
2024-03-27 02:27:14,773 - root - INFO - start 1 epoch
2024-03-27 02:31:06,211 - root - INFO - start 2 epoch
2024-03-27 02:34:58,089 - root - INFO - start 3 epoch
2024-03-27 02:38:48,895 - root - INFO - start 4 epoch
2024-03-27 02:42:51,300 - root - INFO - start 5 epoch
2024-03-27 02:46:44,905 - root - INFO - start 6 epoch
2024-03-27 02:50:38,077 - root - INFO - start 7 epoch
2024-03-27 02:54:31,447 - root - INFO - start 8 epoch
2024-03-27 02:58:25,418 - root - INFO - start 9 epoch
2024-03-27 03:02:28,708 - root - INFO - start 10 epoch
2024-03-27 03:06:28,654 - root - INFO - start 11 epoch
2024-03-27 03:10:22,622 - root - INFO - start 12 epoch
2024-03-27 03:14:15,508 - root - INFO - start 13 epoch
2024-03-27 03:18:06,375 - root - INFO - start 14 epoch
2024-03-27 03:22:00,404 - root - INFO - start 15 epoch
2024-03-27 03:25:52,138 - root - INFO - start 16 epoch
2024-03-27 03:30:07,350 - root - INFO - start 17 epoch
2024-03-27 03:34:01,780 - root - INFO - start 18 epoch
2024-03-27 03:37:56,183 - root - INFO - start 19 epoch
2024-03-27 03:41:48,431 - root - INFO - start 20 epoch
2024-03-27 03:45:37,949 - root - INFO - start 21 epoch
2024-03-27 03:49:30,123 - root - INFO - start 22 epoch
2024-03-27 03:53:34,417 - root - INFO - start 23 epoch
2024-03-27 03:57:24,267 - root - INFO - start 24 epoch
2024-03-27 04:01:18,071 - root - INFO - start 25 epoch
2024-03-27 04:05:22,134 - root - INFO - start 26 epoch
2024-03-27 04:09:38,808 - root - INFO - start 27 epoch
2024-03-27 04:13:35,315 - root - INFO - start 28 epoch
2024-03-27 04:17:33,216 - root - INFO - start 29 epoch
2024-03-27 04:21:26,417 - root - INFO - start 30 epoch
2024-03-27 04:25:23,551 - root - INFO - start 31 epoch
2024-03-27 04:29:21,911 - root - INFO - start 32 epoch
2024-03-27 04:33:21,365 - root - INFO - start 33 epoch
2024-03-27 04:37:19,293 - root - INFO - start 34 epoch
2024-03-27 04:41:12,225 - root - INFO - start 35 epoch
2024-03-27 04:45:05,870 - root - INFO - start 36 epoch
2024-03-27 04:49:16,295 - root - INFO - start 37 epoch
2024-03-27 04:53:22,557 - root - INFO - start 38 epoch
2024-03-27 04:57:11,548 - root - INFO - start 39 epoch
2024-03-27 05:01:00,029 - root - INFO - start 40 epoch
2024-03-27 05:04:55,108 - root - INFO - start 41 epoch
2024-03-27 05:08:47,421 - root - INFO - start 42 epoch
2024-03-27 05:12:38,881 - root - INFO - start 43 epoch
2024-03-27 05:16:30,546 - root - INFO - start 44 epoch
2024-03-27 05:20:23,824 - root - INFO - start 45 epoch
2024-03-27 05:24:43,532 - root - INFO - start 46 epoch
2024-03-27 05:29:07,579 - root - INFO - start 47 epoch
2024-03-27 05:33:25,373 - root - INFO - start 48 epoch
2024-03-27 05:37:37,299 - root - INFO - start 49 epoch
